<?xml version="1.0" encoding="UTF-8"?>
<!-- Generated by org.testng.reporters.JUnitReportReporter -->
<testsuite hostname="DESKTOP-UV15VD0" failures="0" tests="1" name="testng.GroupsTest" time="0.015" errors="0" timestamp="26 Jun 2018 14:50:49 GMT" skipped="0">
  <testcase classname="testng.GroupsTest" name="f" time="0.015"/>
</testsuite> <!-- testng.GroupsTest -->
